{"C:\\Users\\Richard\\Desktop\\Projects\\nodestory\\src\\core\\handlers\\UnhandledHandler.ts": {"path":"C:\\Users\\Richard\\Desktop\\Projects\\nodestory\\src\\core\\handlers\\UnhandledHandler.ts","statementMap":{"0":{"start":{"line":1,"column":0},"end":{"line":1,"column":80}},"1":{"start":{"line":2,"column":0},"end":{"line":2,"column":35}},"2":{"start":{"line":5,"column":16},"end":{"line":5,"column":29}},"3":{"start":{"line":7,"column":16},"end":{"line":16,"column":4}},"4":{"start":{"line":11,"column":4},"end":{"line":15,"column":6}},"5":{"start":{"line":4,"column":0},"end":{"line":4,"column":21}}},"fnMap":{"0":{"name":"(anonymous_0)","decl":{"start":{"line":7,"column":54},"end":{"line":7,"column":59}},"loc":{"start":{"line":10,"column":6},"end":{"line":16,"column":3}}}},"branchMap":{},"s":{"0":1,"1":1,"2":1,"3":1,"4":0,"5":1},"f":{"0":0},"b":{}}
,"C:\\Users\\Richard\\Desktop\\Projects\\nodestory\\src\\core\\network\\PacketCrypto.ts": {"path":"C:\\Users\\Richard\\Desktop\\Projects\\nodestory\\src\\core\\network\\PacketCrypto.ts","statementMap":{"0":{"start":{"line":1,"column":0},"end":{"line":1,"column":59}},"1":{"start":{"line":2,"column":0},"end":{"line":2,"column":59}},"2":{"start":{"line":3,"column":0},"end":{"line":3,"column":65}},"3":{"start":{"line":10,"column":10},"end":{"line":10,"column":30}},"4":{"start":{"line":12,"column":2},"end":{"line":12,"column":22}},"5":{"start":{"line":13,"column":12},"end":{"line":13,"column":22}},"6":{"start":{"line":15,"column":17},"end":{"line":20,"column":4}},"7":{"start":{"line":21,"column":2},"end":{"line":21,"column":16}},"8":{"start":{"line":5,"column":0},"end":{"line":5,"column":16}},"9":{"start":{"line":25,"column":24},"end":{"line":27,"column":10}},"10":{"start":{"line":29,"column":2},"end":{"line":29,"column":52}},"11":{"start":{"line":24,"column":0},"end":{"line":24,"column":16}},"12":{"start":{"line":33,"column":26},"end":{"line":33,"column":59}},"13":{"start":{"line":35,"column":2},"end":{"line":37,"column":22}},"14":{"start":{"line":32,"column":0},"end":{"line":32,"column":16}},"15":{"start":{"line":41,"column":22},"end":{"line":41,"column":62}},"16":{"start":{"line":43,"column":2},"end":{"line":64,"column":null}},"17":{"start":{"line":43,"column":15},"end":{"line":43,"column":16}},"18":{"start":{"line":44,"column":18},"end":{"line":44,"column":23}},"19":{"start":{"line":45,"column":23},"end":{"line":45,"column":43}},"20":{"start":{"line":46,"column":4},"end":{"line":46,"column":60}},"21":{"start":{"line":47,"column":4},"end":{"line":47,"column":50}},"22":{"start":{"line":48,"column":4},"end":{"line":48,"column":60}},"23":{"start":{"line":49,"column":4},"end":{"line":49,"column":50}},"24":{"start":{"line":52,"column":6},"end":{"line":56,"column":7}},"25":{"start":{"line":57,"column":15},"end":{"line":57,"column":27}},"26":{"start":{"line":58,"column":4},"end":{"line":58,"column":30}},"27":{"start":{"line":59,"column":4},"end":{"line":59,"column":16}},"28":{"start":{"line":60,"column":4},"end":{"line":60,"column":33}},"29":{"start":{"line":61,"column":4},"end":{"line":61,"column":40}},"30":{"start":{"line":62,"column":4},"end":{"line":62,"column":41}},"31":{"start":{"line":63,"column":4},"end":{"line":63,"column":41}},"32":{"start":{"line":66,"column":2},"end":{"line":66,"column":21}},"33":{"start":{"line":40,"column":0},"end":{"line":40,"column":16}},"34":{"start":{"line":69,"column":22},"end":{"line":326,"column":2}}},"fnMap":{"0":{"name":"generateHeader","decl":{"start":{"line":5,"column":16},"end":{"line":5,"column":30}},"loc":{"start":{"line":8,"column":17},"end":{"line":22,"column":1}}},"1":{"name":"encryptData","decl":{"start":{"line":24,"column":16},"end":{"line":24,"column":27}},"loc":{"start":{"line":24,"column":56},"end":{"line":30,"column":1}}},"2":{"name":"decryptData","decl":{"start":{"line":32,"column":16},"end":{"line":32,"column":27}},"loc":{"start":{"line":32,"column":56},"end":{"line":38,"column":1}}},"3":{"name":"morphIV","decl":{"start":{"line":40,"column":16},"end":{"line":40,"column":23}},"loc":{"start":{"line":40,"column":38},"end":{"line":67,"column":1}}}},"branchMap":{"0":{"loc":{"start":{"line":26,"column":6},"end":{"line":26,"column":36}},"type":"cond-expr","locations":[{"start":{"line":26,"column":6},"end":{"line":26,"column":36}},{"start":{"line":27,"column":6},"end":{"line":27,"column":10}}]},"1":{"loc":{"start":{"line":36,"column":6},"end":{"line":36,"column":47}},"type":"cond-expr","locations":[{"start":{"line":36,"column":6},"end":{"line":36,"column":47}},{"start":{"line":37,"column":6},"end":{"line":37,"column":21}}]}},"s":{"0":1,"1":1,"2":1,"3":0,"4":0,"5":0,"6":0,"7":0,"8":1,"9":1,"10":1,"11":1,"12":1,"13":1,"14":1,"15":0,"16":0,"17":0,"18":0,"19":0,"20":0,"21":0,"22":0,"23":0,"24":0,"25":0,"26":0,"27":0,"28":0,"29":0,"30":0,"31":0,"32":0,"33":1,"34":1},"f":{"0":0,"1":1,"2":1,"3":0},"b":{"0":[1,0],"1":[1,0]}}
,"C:\\Users\\Richard\\Desktop\\Projects\\nodestory\\src\\core\\network\\PacketHandler.ts": {"path":"C:\\Users\\Richard\\Desktop\\Projects\\nodestory\\src\\core\\network\\PacketHandler.ts","statementMap":{"0":{"start":{"line":6,"column":25},"end":{"line":6,"column":60}},"1":{"start":{"line":5,"column":0},"end":{"line":5,"column":22}}},"fnMap":{},"branchMap":{},"s":{"0":1,"1":1},"f":{},"b":{}}
,"C:\\Users\\Richard\\Desktop\\Projects\\nodestory\\src\\core\\network\\PacketHandlerManager.ts": {"path":"C:\\Users\\Richard\\Desktop\\Projects\\nodestory\\src\\core\\network\\PacketHandlerManager.ts","statementMap":{"0":{"start":{"line":1,"column":0},"end":{"line":1,"column":60}},"1":{"start":{"line":2,"column":0},"end":{"line":2,"column":35}},"2":{"start":{"line":10,"column":4},"end":{"line":10,"column":23}},"3":{"start":{"line":14,"column":4},"end":{"line":16,"column":null}},"4":{"start":{"line":15,"column":6},"end":{"line":15,"column":36}},"5":{"start":{"line":18,"column":4},"end":{"line":18,"column":41}},"6":{"start":{"line":22,"column":20},"end":{"line":22,"column":51}},"7":{"start":{"line":24,"column":4},"end":{"line":35,"column":null}},"8":{"start":{"line":24,"column":17},"end":{"line":24,"column":18}},"9":{"start":{"line":24,"column":26},"end":{"line":24,"column":48}},"10":{"start":{"line":25,"column":21},"end":{"line":25,"column":39}},"11":{"start":{"line":27,"column":6},"end":{"line":32,"column":null}},"12":{"start":{"line":28,"column":8},"end":{"line":31,"column":10}},"13":{"start":{"line":34,"column":6},"end":{"line":34,"column":52}},"14":{"start":{"line":6,"column":0},"end":{"line":6,"column":13}}},"fnMap":{"0":{"name":"(anonymous_1)","decl":{"start":{"line":9,"column":2},"end":{"line":9,"column":null}},"loc":{"start":{"line":9,"column":2},"end":{"line":11,"column":3}}},"1":{"name":"(anonymous_2)","decl":{"start":{"line":13,"column":9},"end":{"line":13,"column":19}},"loc":{"start":{"line":13,"column":46},"end":{"line":19,"column":3}}},"2":{"name":"(anonymous_3)","decl":{"start":{"line":21,"column":9},"end":{"line":21,"column":22}},"loc":{"start":{"line":21,"column":45},"end":{"line":36,"column":3}}}},"branchMap":{"0":{"loc":{"start":{"line":14,"column":4},"end":{"line":16,"column":null}},"type":"if","locations":[{"start":{"line":14,"column":4},"end":{"line":16,"column":null}},{"start":{"line":14,"column":4},"end":{"line":16,"column":null}}]},"1":{"loc":{"start":{"line":27,"column":6},"end":{"line":32,"column":null}},"type":"if","locations":[{"start":{"line":27,"column":6},"end":{"line":32,"column":null}},{"start":{"line":27,"column":6},"end":{"line":32,"column":null}}]}},"s":{"0":1,"1":1,"2":2,"3":2,"4":1,"5":1,"6":1,"7":1,"8":1,"9":1,"10":1,"11":1,"12":0,"13":1,"14":1},"f":{"0":2,"1":2,"2":1},"b":{"0":[1,1],"1":[0,1]}}
,"C:\\Users\\Richard\\Desktop\\Projects\\nodestory\\src\\core\\network\\PacketReader.ts": {"path":"C:\\Users\\Richard\\Desktop\\Projects\\nodestory\\src\\core\\network\\PacketReader.ts","statementMap":{"0":{"start":{"line":6,"column":4},"end":{"line":6,"column":36}},"1":{"start":{"line":7,"column":4},"end":{"line":7,"column":20}},"2":{"start":{"line":11,"column":16},"end":{"line":11,"column":49}},"3":{"start":{"line":12,"column":4},"end":{"line":12,"column":21}},"4":{"start":{"line":14,"column":4},"end":{"line":14,"column":15}},"5":{"start":{"line":18,"column":16},"end":{"line":18,"column":52}},"6":{"start":{"line":19,"column":4},"end":{"line":19,"column":21}},"7":{"start":{"line":21,"column":4},"end":{"line":21,"column":15}},"8":{"start":{"line":25,"column":16},"end":{"line":25,"column":52}},"9":{"start":{"line":26,"column":4},"end":{"line":26,"column":21}},"10":{"start":{"line":28,"column":4},"end":{"line":28,"column":15}},"11":{"start":{"line":32,"column":16},"end":{"line":32,"column":55}},"12":{"start":{"line":33,"column":4},"end":{"line":33,"column":21}},"13":{"start":{"line":35,"column":4},"end":{"line":35,"column":15}},"14":{"start":{"line":39,"column":16},"end":{"line":39,"column":50}},"15":{"start":{"line":40,"column":4},"end":{"line":40,"column":21}},"16":{"start":{"line":42,"column":4},"end":{"line":42,"column":15}},"17":{"start":{"line":46,"column":16},"end":{"line":46,"column":53}},"18":{"start":{"line":47,"column":4},"end":{"line":47,"column":21}},"19":{"start":{"line":49,"column":4},"end":{"line":49,"column":15}},"20":{"start":{"line":53,"column":16},"end":{"line":53,"column":53}},"21":{"start":{"line":54,"column":4},"end":{"line":54,"column":21}},"22":{"start":{"line":56,"column":4},"end":{"line":56,"column":15}},"23":{"start":{"line":60,"column":16},"end":{"line":60,"column":56}},"24":{"start":{"line":61,"column":4},"end":{"line":61,"column":21}},"25":{"start":{"line":63,"column":4},"end":{"line":63,"column":15}},"26":{"start":{"line":67,"column":20},"end":{"line":67,"column":47}},"27":{"start":{"line":68,"column":14},"end":{"line":68,"column":16}},"28":{"start":{"line":70,"column":4},"end":{"line":78,"column":null}},"29":{"start":{"line":71,"column":19},"end":{"line":71,"column":35}},"30":{"start":{"line":73,"column":6},"end":{"line":75,"column":null}},"31":{"start":{"line":74,"column":8},"end":{"line":74,"column":14}},"32":{"start":{"line":77,"column":6},"end":{"line":77,"column":39}},"33":{"start":{"line":80,"column":4},"end":{"line":80,"column":29}},"34":{"start":{"line":82,"column":4},"end":{"line":82,"column":15}},"35":{"start":{"line":86,"column":4},"end":{"line":86,"column":26}},"36":{"start":{"line":90,"column":4},"end":{"line":90,"column":23}},"37":{"start":{"line":1,"column":0},"end":{"line":1,"column":13}}},"fnMap":{"0":{"name":"(anonymous_0)","decl":{"start":{"line":5,"column":2},"end":{"line":5,"column":14}},"loc":{"start":{"line":5,"column":26},"end":{"line":8,"column":3}}},"1":{"name":"(anonymous_1)","decl":{"start":{"line":10,"column":9},"end":{"line":10,"column":17}},"loc":{"start":{"line":10,"column":17},"end":{"line":15,"column":3}}},"2":{"name":"(anonymous_2)","decl":{"start":{"line":17,"column":9},"end":{"line":17,"column":18}},"loc":{"start":{"line":17,"column":18},"end":{"line":22,"column":3}}},"3":{"name":"(anonymous_3)","decl":{"start":{"line":24,"column":9},"end":{"line":24,"column":16}},"loc":{"start":{"line":24,"column":16},"end":{"line":29,"column":3}}},"4":{"name":"(anonymous_4)","decl":{"start":{"line":31,"column":9},"end":{"line":31,"column":17}},"loc":{"start":{"line":31,"column":17},"end":{"line":36,"column":3}}},"5":{"name":"(anonymous_5)","decl":{"start":{"line":38,"column":9},"end":{"line":38,"column":18}},"loc":{"start":{"line":38,"column":18},"end":{"line":43,"column":3}}},"6":{"name":"(anonymous_6)","decl":{"start":{"line":45,"column":9},"end":{"line":45,"column":19}},"loc":{"start":{"line":45,"column":19},"end":{"line":50,"column":3}}},"7":{"name":"(anonymous_7)","decl":{"start":{"line":52,"column":9},"end":{"line":52,"column":17}},"loc":{"start":{"line":52,"column":17},"end":{"line":57,"column":3}}},"8":{"name":"(anonymous_8)","decl":{"start":{"line":59,"column":9},"end":{"line":59,"column":18}},"loc":{"start":{"line":59,"column":18},"end":{"line":64,"column":3}}},"9":{"name":"(anonymous_9)","decl":{"start":{"line":66,"column":9},"end":{"line":66,"column":19}},"loc":{"start":{"line":66,"column":35},"end":{"line":83,"column":3}}},"10":{"name":"(anonymous_10)","decl":{"start":{"line":85,"column":9},"end":{"line":85,"column":13}},"loc":{"start":{"line":85,"column":28},"end":{"line":87,"column":3}}},"11":{"name":"(anonymous_11)","decl":{"start":{"line":89,"column":9},"end":{"line":89,"column":18}},"loc":{"start":{"line":89,"column":18},"end":{"line":91,"column":3}}}},"branchMap":{"0":{"loc":{"start":{"line":67,"column":20},"end":{"line":67,"column":26}},"type":"binary-expr","locations":[{"start":{"line":67,"column":20},"end":{"line":67,"column":26}},{"start":{"line":67,"column":30},"end":{"line":67,"column":47}}]},"1":{"loc":{"start":{"line":73,"column":6},"end":{"line":75,"column":null}},"type":"if","locations":[{"start":{"line":73,"column":6},"end":{"line":75,"column":null}},{"start":{"line":73,"column":6},"end":{"line":75,"column":null}}]}},"s":{"0":2,"1":2,"2":0,"3":0,"4":0,"5":0,"6":0,"7":0,"8":0,"9":0,"10":0,"11":0,"12":0,"13":0,"14":4,"15":4,"16":4,"17":3,"18":3,"19":3,"20":0,"21":0,"22":0,"23":0,"24":0,"25":0,"26":1,"27":1,"28":1,"29":4,"30":4,"31":0,"32":4,"33":1,"34":1,"35":0,"36":0,"37":1},"f":{"0":2,"1":0,"2":0,"3":0,"4":0,"5":4,"6":3,"7":0,"8":0,"9":1,"10":0,"11":0},"b":{"0":[1,1],"1":[0,4]}}
,"C:\\Users\\Richard\\Desktop\\Projects\\nodestory\\src\\core\\network\\PacketWriter.ts": {"path":"C:\\Users\\Richard\\Desktop\\Projects\\nodestory\\src\\core\\network\\PacketWriter.ts","statementMap":{"0":{"start":{"line":8,"column":4},"end":{"line":8,"column":35}},"1":{"start":{"line":9,"column":4},"end":{"line":9,"column":20}},"2":{"start":{"line":11,"column":4},"end":{"line":13,"column":null}},"3":{"start":{"line":12,"column":6},"end":{"line":12,"column":32}},"4":{"start":{"line":17,"column":4},"end":{"line":17,"column":20}},"5":{"start":{"line":18,"column":4},"end":{"line":18,"column":46}},"6":{"start":{"line":19,"column":4},"end":{"line":19,"column":21}},"7":{"start":{"line":21,"column":4},"end":{"line":21,"column":16}},"8":{"start":{"line":25,"column":4},"end":{"line":25,"column":20}},"9":{"start":{"line":26,"column":4},"end":{"line":26,"column":49}},"10":{"start":{"line":27,"column":4},"end":{"line":27,"column":21}},"11":{"start":{"line":29,"column":4},"end":{"line":29,"column":16}},"12":{"start":{"line":33,"column":4},"end":{"line":33,"column":20}},"13":{"start":{"line":34,"column":4},"end":{"line":34,"column":49}},"14":{"start":{"line":35,"column":4},"end":{"line":35,"column":21}},"15":{"start":{"line":37,"column":4},"end":{"line":37,"column":16}},"16":{"start":{"line":41,"column":4},"end":{"line":41,"column":20}},"17":{"start":{"line":42,"column":4},"end":{"line":42,"column":52}},"18":{"start":{"line":43,"column":4},"end":{"line":43,"column":21}},"19":{"start":{"line":45,"column":4},"end":{"line":45,"column":16}},"20":{"start":{"line":49,"column":4},"end":{"line":49,"column":20}},"21":{"start":{"line":50,"column":4},"end":{"line":50,"column":47}},"22":{"start":{"line":51,"column":4},"end":{"line":51,"column":21}},"23":{"start":{"line":53,"column":4},"end":{"line":53,"column":16}},"24":{"start":{"line":57,"column":4},"end":{"line":57,"column":20}},"25":{"start":{"line":58,"column":4},"end":{"line":58,"column":50}},"26":{"start":{"line":59,"column":4},"end":{"line":59,"column":21}},"27":{"start":{"line":61,"column":4},"end":{"line":61,"column":16}},"28":{"start":{"line":65,"column":4},"end":{"line":65,"column":20}},"29":{"start":{"line":66,"column":4},"end":{"line":66,"column":50}},"30":{"start":{"line":67,"column":4},"end":{"line":67,"column":21}},"31":{"start":{"line":69,"column":4},"end":{"line":69,"column":16}},"32":{"start":{"line":73,"column":4},"end":{"line":73,"column":20}},"33":{"start":{"line":74,"column":4},"end":{"line":74,"column":53}},"34":{"start":{"line":75,"column":4},"end":{"line":75,"column":21}},"35":{"start":{"line":77,"column":4},"end":{"line":77,"column":16}},"36":{"start":{"line":81,"column":4},"end":{"line":81,"column":55}},"37":{"start":{"line":83,"column":4},"end":{"line":83,"column":16}},"38":{"start":{"line":87,"column":14},"end":{"line":87,"column":16}},"39":{"start":{"line":89,"column":4},"end":{"line":91,"column":null}},"40":{"start":{"line":90,"column":6},"end":{"line":90,"column":18}},"41":{"start":{"line":93,"column":4},"end":{"line":106,"column":null}},"42":{"start":{"line":94,"column":6},"end":{"line":94,"column":27}},"43":{"start":{"line":95,"column":6},"end":{"line":95,"column":61}},"44":{"start":{"line":96,"column":6},"end":{"line":96,"column":58}},"45":{"start":{"line":98,"column":6},"end":{"line":98,"column":28}},"46":{"start":{"line":100,"column":6},"end":{"line":100,"column":37}},"47":{"start":{"line":102,"column":6},"end":{"line":102,"column":33}},"48":{"start":{"line":103,"column":6},"end":{"line":103,"column":58}},"49":{"start":{"line":105,"column":6},"end":{"line":105,"column":34}},"50":{"start":{"line":108,"column":4},"end":{"line":108,"column":16}},"51":{"start":{"line":112,"column":4},"end":{"line":114,"column":null}},"52":{"start":{"line":112,"column":17},"end":{"line":112,"column":18}},"53":{"start":{"line":112,"column":26},"end":{"line":112,"column":39}},"54":{"start":{"line":113,"column":6},"end":{"line":113,"column":33}},"55":{"start":{"line":116,"column":4},"end":{"line":116,"column":16}},"56":{"start":{"line":120,"column":19},"end":{"line":120,"column":44}},"57":{"start":{"line":121,"column":4},"end":{"line":121,"column":29}},"58":{"start":{"line":123,"column":4},"end":{"line":123,"column":18}},"59":{"start":{"line":127,"column":4},"end":{"line":127,"column":23}},"60":{"start":{"line":131,"column":4},"end":{"line":131,"column":42}},"61":{"start":{"line":135,"column":4},"end":{"line":145,"column":null}},"62":{"start":{"line":136,"column":24},"end":{"line":136,"column":35}},"63":{"start":{"line":137,"column":20},"end":{"line":137,"column":38}},"64":{"start":{"line":139,"column":6},"end":{"line":141,"column":null}},"65":{"start":{"line":140,"column":8},"end":{"line":140,"column":21}},"66":{"start":{"line":143,"column":6},"end":{"line":143,"column":44}},"67":{"start":{"line":144,"column":6},"end":{"line":144,"column":34}},"68":{"start":{"line":3,"column":0},"end":{"line":3,"column":13}}},"fnMap":{"0":{"name":"(anonymous_0)","decl":{"start":{"line":7,"column":2},"end":{"line":7,"column":14}},"loc":{"start":{"line":7,"column":41},"end":{"line":14,"column":3}}},"1":{"name":"(anonymous_1)","decl":{"start":{"line":16,"column":9},"end":{"line":16,"column":18}},"loc":{"start":{"line":16,"column":32},"end":{"line":22,"column":3}}},"2":{"name":"(anonymous_2)","decl":{"start":{"line":24,"column":9},"end":{"line":24,"column":19}},"loc":{"start":{"line":24,"column":33},"end":{"line":30,"column":3}}},"3":{"name":"(anonymous_3)","decl":{"start":{"line":32,"column":9},"end":{"line":32,"column":17}},"loc":{"start":{"line":32,"column":31},"end":{"line":38,"column":3}}},"4":{"name":"(anonymous_4)","decl":{"start":{"line":40,"column":9},"end":{"line":40,"column":18}},"loc":{"start":{"line":40,"column":32},"end":{"line":46,"column":3}}},"5":{"name":"(anonymous_5)","decl":{"start":{"line":48,"column":9},"end":{"line":48,"column":19}},"loc":{"start":{"line":48,"column":33},"end":{"line":54,"column":3}}},"6":{"name":"(anonymous_6)","decl":{"start":{"line":56,"column":9},"end":{"line":56,"column":20}},"loc":{"start":{"line":56,"column":34},"end":{"line":62,"column":3}}},"7":{"name":"(anonymous_7)","decl":{"start":{"line":64,"column":9},"end":{"line":64,"column":18}},"loc":{"start":{"line":64,"column":32},"end":{"line":70,"column":3}}},"8":{"name":"(anonymous_8)","decl":{"start":{"line":72,"column":9},"end":{"line":72,"column":19}},"loc":{"start":{"line":72,"column":33},"end":{"line":78,"column":3}}},"9":{"name":"(anonymous_9)","decl":{"start":{"line":80,"column":9},"end":{"line":80,"column":18}},"loc":{"start":{"line":80,"column":29},"end":{"line":84,"column":3}}},"10":{"name":"(anonymous_10)","decl":{"start":{"line":86,"column":9},"end":{"line":86,"column":20}},"loc":{"start":{"line":86,"column":51},"end":{"line":109,"column":3}}},"11":{"name":"(anonymous_11)","decl":{"start":{"line":111,"column":9},"end":{"line":111,"column":19}},"loc":{"start":{"line":111,"column":38},"end":{"line":117,"column":3}}},"12":{"name":"(anonymous_12)","decl":{"start":{"line":119,"column":9},"end":{"line":119,"column":18}},"loc":{"start":{"line":119,"column":18},"end":{"line":124,"column":3}}},"13":{"name":"(anonymous_13)","decl":{"start":{"line":126,"column":9},"end":{"line":126,"column":18}},"loc":{"start":{"line":126,"column":18},"end":{"line":128,"column":3}}},"14":{"name":"(anonymous_14)","decl":{"start":{"line":130,"column":9},"end":{"line":130,"column":20}},"loc":{"start":{"line":130,"column":20},"end":{"line":132,"column":3}}},"15":{"name":"(anonymous_15)","decl":{"start":{"line":134,"column":10},"end":{"line":134,"column":17}},"loc":{"start":{"line":134,"column":30},"end":{"line":146,"column":3}}}},"branchMap":{"0":{"loc":{"start":{"line":11,"column":4},"end":{"line":13,"column":null}},"type":"if","locations":[{"start":{"line":11,"column":4},"end":{"line":13,"column":null}},{"start":{"line":11,"column":4},"end":{"line":13,"column":null}}]},"1":{"loc":{"start":{"line":11,"column":8},"end":{"line":11,"column":37}},"type":"binary-expr","locations":[{"start":{"line":11,"column":8},"end":{"line":11,"column":37}},{"start":{"line":11,"column":41},"end":{"line":11,"column":56}}]},"2":{"loc":{"start":{"line":89,"column":4},"end":{"line":91,"column":null}},"type":"if","locations":[{"start":{"line":89,"column":4},"end":{"line":91,"column":null}},{"start":{"line":89,"column":4},"end":{"line":91,"column":null}}]},"3":{"loc":{"start":{"line":89,"column":8},"end":{"line":89,"column":36}},"type":"binary-expr","locations":[{"start":{"line":89,"column":8},"end":{"line":89,"column":36}},{"start":{"line":89,"column":40},"end":{"line":89,"column":54}}]},"4":{"loc":{"start":{"line":93,"column":4},"end":{"line":106,"column":null}},"type":"if","locations":[{"start":{"line":93,"column":4},"end":{"line":106,"column":null}},{"start":{"line":93,"column":4},"end":{"line":106,"column":null}}]},"5":{"loc":{"start":{"line":93,"column":8},"end":{"line":93,"column":37}},"type":"binary-expr","locations":[{"start":{"line":93,"column":8},"end":{"line":93,"column":37}},{"start":{"line":93,"column":41},"end":{"line":93,"column":55}}]},"6":{"loc":{"start":{"line":135,"column":4},"end":{"line":145,"column":null}},"type":"if","locations":[{"start":{"line":135,"column":4},"end":{"line":145,"column":null}},{"start":{"line":135,"column":4},"end":{"line":145,"column":null}}]}},"s":{"0":5,"1":5,"2":5,"3":0,"4":0,"5":0,"6":0,"7":0,"8":0,"9":0,"10":0,"11":0,"12":0,"13":0,"14":0,"15":0,"16":0,"17":0,"18":0,"19":0,"20":0,"21":0,"22":0,"23":0,"24":2,"25":2,"26":2,"27":2,"28":2,"29":2,"30":2,"31":2,"32":0,"33":0,"34":0,"35":0,"36":0,"37":0,"38":1,"39":1,"40":1,"41":1,"42":0,"43":0,"44":0,"45":0,"46":1,"47":1,"48":1,"49":1,"50":1,"51":0,"52":0,"53":0,"54":0,"55":0,"56":5,"57":5,"58":5,"59":0,"60":5,"61":5,"62":0,"63":0,"64":0,"65":0,"66":0,"67":0,"68":1},"f":{"0":5,"1":0,"2":0,"3":0,"4":0,"5":0,"6":2,"7":2,"8":0,"9":0,"10":1,"11":0,"12":5,"13":0,"14":5,"15":5},"b":{"0":[0,5],"1":[5,0],"2":[1,0],"3":[1,1],"4":[0,1],"5":[1,0],"6":[0,5]}}
,"C:\\Users\\Richard\\Desktop\\Projects\\nodestory\\src\\core\\security\\AESEncryption.ts": {"path":"C:\\Users\\Richard\\Desktop\\Projects\\nodestory\\src\\core\\security\\AESEncryption.ts","statementMap":{"0":{"start":{"line":1,"column":0},"end":{"line":1,"column":40}},"1":{"start":{"line":3,"column":0},"end":{"line":3,"column":59}},"2":{"start":{"line":5,"column":15},"end":{"line":5,"column":47}},"3":{"start":{"line":6,"column":15},"end":{"line":6,"column":68}},"4":{"start":{"line":9,"column":21},"end":{"line":9,"column":25}},"5":{"start":{"line":12,"column":22},"end":{"line":12,"column":26}},"6":{"start":{"line":13,"column":27},"end":{"line":13,"column":31}},"7":{"start":{"line":15,"column":17},"end":{"line":32,"column":4}},"8":{"start":{"line":34,"column":2},"end":{"line":50,"column":null}},"9":{"start":{"line":34,"column":15},"end":{"line":34,"column":16}},"10":{"start":{"line":35,"column":18},"end":{"line":35,"column":58}},"11":{"start":{"line":38,"column":17},"end":{"line":38,"column":31}},"12":{"start":{"line":40,"column":4},"end":{"line":46,"column":null}},"13":{"start":{"line":40,"column":17},"end":{"line":40,"column":18}},"14":{"start":{"line":41,"column":6},"end":{"line":43,"column":null}},"15":{"start":{"line":42,"column":8},"end":{"line":42,"column":39}},"16":{"start":{"line":45,"column":6},"end":{"line":45,"column":36}},"17":{"start":{"line":48,"column":4},"end":{"line":48,"column":15}},"18":{"start":{"line":49,"column":4},"end":{"line":49,"column":37}},"19":{"start":{"line":52,"column":2},"end":{"line":52,"column":14}},"20":{"start":{"line":8,"column":0},"end":{"line":8,"column":16}}},"fnMap":{"0":{"name":"transform","decl":{"start":{"line":8,"column":16},"end":{"line":8,"column":25}},"loc":{"start":{"line":8,"column":54},"end":{"line":53,"column":1}}}},"branchMap":{"0":{"loc":{"start":{"line":41,"column":6},"end":{"line":43,"column":null}},"type":"if","locations":[{"start":{"line":41,"column":6},"end":{"line":43,"column":null}},{"start":{"line":41,"column":6},"end":{"line":43,"column":null}}]}},"s":{"0":1,"1":1,"2":1,"3":1,"4":2,"5":2,"6":2,"7":2,"8":2,"9":2,"10":2,"11":2,"12":2,"13":2,"14":56,"15":4,"16":56,"17":2,"18":2,"19":2,"20":1},"f":{"0":2},"b":{"0":[4,52]}}
,"C:\\Users\\Richard\\Desktop\\Projects\\nodestory\\src\\core\\security\\ShandaEncryption.ts": {"path":"C:\\Users\\Richard\\Desktop\\Projects\\nodestory\\src\\core\\security\\ShandaEncryption.ts","statementMap":{"0":{"start":{"line":2,"column":21},"end":{"line":2,"column":25}},"1":{"start":{"line":7,"column":2},"end":{"line":34,"column":null}},"2":{"start":{"line":7,"column":15},"end":{"line":7,"column":16}},"3":{"start":{"line":8,"column":4},"end":{"line":8,"column":10}},"4":{"start":{"line":9,"column":4},"end":{"line":21,"column":null}},"5":{"start":{"line":10,"column":6},"end":{"line":10,"column":27}},"6":{"start":{"line":11,"column":6},"end":{"line":11,"column":25}},"7":{"start":{"line":12,"column":6},"end":{"line":12,"column":13}},"8":{"start":{"line":13,"column":6},"end":{"line":13,"column":16}},"9":{"start":{"line":14,"column":6},"end":{"line":14,"column":13}},"10":{"start":{"line":15,"column":6},"end":{"line":15,"column":12}},"11":{"start":{"line":16,"column":6},"end":{"line":16,"column":26}},"12":{"start":{"line":17,"column":6},"end":{"line":17,"column":16}},"13":{"start":{"line":18,"column":6},"end":{"line":18,"column":16}},"14":{"start":{"line":19,"column":6},"end":{"line":19,"column":16}},"15":{"start":{"line":20,"column":6},"end":{"line":20,"column":27}},"16":{"start":{"line":22,"column":4},"end":{"line":22,"column":10}},"17":{"start":{"line":23,"column":4},"end":{"line":33,"column":null}},"18":{"start":{"line":24,"column":6},"end":{"line":24,"column":22}},"19":{"start":{"line":25,"column":6},"end":{"line":25,"column":25}},"20":{"start":{"line":26,"column":6},"end":{"line":26,"column":13}},"21":{"start":{"line":27,"column":6},"end":{"line":27,"column":16}},"22":{"start":{"line":28,"column":6},"end":{"line":28,"column":13}},"23":{"start":{"line":29,"column":6},"end":{"line":29,"column":12}},"24":{"start":{"line":30,"column":6},"end":{"line":30,"column":16}},"25":{"start":{"line":31,"column":6},"end":{"line":31,"column":26}},"26":{"start":{"line":32,"column":6},"end":{"line":32,"column":22}},"27":{"start":{"line":36,"column":2},"end":{"line":36,"column":14}},"28":{"start":{"line":1,"column":0},"end":{"line":1,"column":16}},"29":{"start":{"line":40,"column":21},"end":{"line":40,"column":25}},"30":{"start":{"line":46,"column":2},"end":{"line":77,"column":null}},"31":{"start":{"line":46,"column":15},"end":{"line":46,"column":16}},"32":{"start":{"line":47,"column":4},"end":{"line":47,"column":10}},"33":{"start":{"line":48,"column":4},"end":{"line":48,"column":10}},"34":{"start":{"line":49,"column":4},"end":{"line":60,"column":null}},"35":{"start":{"line":50,"column":6},"end":{"line":50,"column":22}},"36":{"start":{"line":51,"column":6},"end":{"line":51,"column":25}},"37":{"start":{"line":52,"column":6},"end":{"line":52,"column":16}},"38":{"start":{"line":53,"column":6},"end":{"line":53,"column":12}},"39":{"start":{"line":54,"column":6},"end":{"line":54,"column":13}},"40":{"start":{"line":55,"column":6},"end":{"line":55,"column":13}},"41":{"start":{"line":56,"column":6},"end":{"line":56,"column":16}},"42":{"start":{"line":57,"column":6},"end":{"line":57,"column":26}},"43":{"start":{"line":58,"column":6},"end":{"line":58,"column":12}},"44":{"start":{"line":59,"column":6},"end":{"line":59,"column":22}},"45":{"start":{"line":61,"column":4},"end":{"line":61,"column":10}},"46":{"start":{"line":62,"column":4},"end":{"line":62,"column":10}},"47":{"start":{"line":63,"column":4},"end":{"line":76,"column":null}},"48":{"start":{"line":64,"column":6},"end":{"line":64,"column":27}},"49":{"start":{"line":65,"column":6},"end":{"line":65,"column":16}},"50":{"start":{"line":66,"column":6},"end":{"line":66,"column":16}},"51":{"start":{"line":67,"column":6},"end":{"line":67,"column":16}},"52":{"start":{"line":68,"column":6},"end":{"line":68,"column":25}},"53":{"start":{"line":69,"column":6},"end":{"line":69,"column":12}},"54":{"start":{"line":70,"column":6},"end":{"line":70,"column":13}},"55":{"start":{"line":71,"column":6},"end":{"line":71,"column":13}},"56":{"start":{"line":72,"column":6},"end":{"line":72,"column":16}},"57":{"start":{"line":73,"column":6},"end":{"line":73,"column":26}},"58":{"start":{"line":74,"column":6},"end":{"line":74,"column":12}},"59":{"start":{"line":75,"column":6},"end":{"line":75,"column":27}},"60":{"start":{"line":79,"column":2},"end":{"line":79,"column":14}},"61":{"start":{"line":39,"column":0},"end":{"line":39,"column":16}},"62":{"start":{"line":83,"column":19},"end":{"line":83,"column":53}},"63":{"start":{"line":84,"column":14},"end":{"line":84,"column":59}},"64":{"start":{"line":85,"column":2},"end":{"line":85,"column":13}},"65":{"start":{"line":89,"column":19},"end":{"line":89,"column":53}},"66":{"start":{"line":90,"column":14},"end":{"line":90,"column":59}},"67":{"start":{"line":91,"column":2},"end":{"line":91,"column":13}}},"fnMap":{"0":{"name":"encrypt","decl":{"start":{"line":1,"column":16},"end":{"line":1,"column":23}},"loc":{"start":{"line":1,"column":36},"end":{"line":37,"column":1}}},"1":{"name":"decrypt","decl":{"start":{"line":39,"column":16},"end":{"line":39,"column":23}},"loc":{"start":{"line":39,"column":36},"end":{"line":80,"column":1}}},"2":{"name":"rollLeft","decl":{"start":{"line":82,"column":9},"end":{"line":82,"column":17}},"loc":{"start":{"line":82,"column":46},"end":{"line":86,"column":1}}},"3":{"name":"rollRight","decl":{"start":{"line":88,"column":9},"end":{"line":88,"column":18}},"loc":{"start":{"line":88,"column":47},"end":{"line":92,"column":1}}}},"branchMap":{},"s":{"0":1,"1":1,"2":1,"3":3,"4":3,"5":84,"6":84,"7":84,"8":84,"9":84,"10":84,"11":84,"12":84,"13":84,"14":84,"15":84,"16":3,"17":3,"18":84,"19":84,"20":84,"21":84,"22":84,"23":84,"24":84,"25":84,"26":84,"27":1,"28":1,"29":1,"30":1,"31":1,"32":3,"33":3,"34":3,"35":84,"36":84,"37":84,"38":84,"39":84,"40":84,"41":84,"42":84,"43":84,"44":84,"45":3,"46":3,"47":3,"48":84,"49":84,"50":84,"51":84,"52":84,"53":84,"54":84,"55":84,"56":84,"57":84,"58":84,"59":84,"60":1,"61":1,"62":336,"63":336,"64":336,"65":336,"66":336,"67":336},"f":{"0":1,"1":1,"2":336,"3":336},"b":{}}
,"C:\\Users\\Richard\\Desktop\\Projects\\nodestory\\src\\core\\utils\\Log.ts": {"path":"C:\\Users\\Richard\\Desktop\\Projects\\nodestory\\src\\core\\utils\\Log.ts","statementMap":{"0":{"start":{"line":1,"column":0},"end":{"line":1,"column":59}},"1":{"start":{"line":3,"column":13},"end":{"line":24,"column":3}},"2":{"start":{"line":13,"column":28},"end":{"line":13,"column":78}}},"fnMap":{"0":{"name":"(anonymous_0)","decl":{"start":{"line":13,"column":18},"end":{"line":13,"column":19}},"loc":{"start":{"line":13,"column":28},"end":{"line":13,"column":78}}}},"branchMap":{},"s":{"0":1,"1":1,"2":0},"f":{"0":0},"b":{}}
}
