TN:
SF:C:\Users\Richard\Desktop\Projects\nodestory\src\core\handlers\UnhandledHandler.ts
FN:7,(anonymous_0)
FNF:1
FNH:0
FNDA:0,(anonymous_0)
DA:1,1
DA:2,1
DA:4,1
DA:5,1
DA:7,1
DA:11,0
LF:6
LH:5
BRF:0
BRH:0
end_of_record
TN:
SF:C:\Users\Richard\Desktop\Projects\nodestory\src\core\network\PacketCrypto.ts
FN:5,generateHeader
FN:24,encryptData
FN:32,decryptData
FN:40,morphIV
FNF:4
FNH:2
FNDA:0,generateHeader
FNDA:1,encryptData
FNDA:1,decryptData
FNDA:0,morphIV
DA:1,1
DA:2,1
DA:3,1
DA:5,1
DA:10,0
DA:12,0
DA:13,0
DA:15,0
DA:21,0
DA:24,1
DA:25,1
DA:29,1
DA:32,1
DA:33,1
DA:35,1
DA:40,1
DA:41,0
DA:43,0
DA:44,0
DA:45,0
DA:46,0
DA:47,0
DA:48,0
DA:49,0
DA:52,0
DA:57,0
DA:58,0
DA:59,0
DA:60,0
DA:61,0
DA:62,0
DA:63,0
DA:66,0
DA:69,1
LF:34
LH:12
BRDA:26,0,0,1
BRDA:26,0,1,0
BRDA:36,1,0,1
BRDA:36,1,1,0
BRF:4
BRH:2
end_of_record
TN:
SF:C:\Users\Richard\Desktop\Projects\nodestory\src\core\network\PacketHandler.ts
FNF:0
FNH:0
DA:5,1
DA:6,1
LF:2
LH:2
BRF:0
BRH:0
end_of_record
TN:
SF:C:\Users\Richard\Desktop\Projects\nodestory\src\core\network\PacketHandlerManager.ts
FN:9,(anonymous_1)
FN:13,(anonymous_2)
FN:21,(anonymous_3)
FNF:3
FNH:3
FNDA:2,(anonymous_1)
FNDA:2,(anonymous_2)
FNDA:1,(anonymous_3)
DA:1,1
DA:2,1
DA:6,1
DA:10,2
DA:14,2
DA:15,1
DA:18,1
DA:22,1
DA:24,1
DA:25,1
DA:27,1
DA:28,0
DA:34,1
LF:13
LH:12
BRDA:14,0,0,1
BRDA:14,0,1,1
BRDA:27,1,0,0
BRDA:27,1,1,1
BRF:4
BRH:3
end_of_record
TN:
SF:C:\Users\Richard\Desktop\Projects\nodestory\src\core\network\PacketReader.ts
FN:5,(anonymous_0)
FN:10,(anonymous_1)
FN:17,(anonymous_2)
FN:24,(anonymous_3)
FN:31,(anonymous_4)
FN:38,(anonymous_5)
FN:45,(anonymous_6)
FN:52,(anonymous_7)
FN:59,(anonymous_8)
FN:66,(anonymous_9)
FN:85,(anonymous_10)
FN:89,(anonymous_11)
FNF:12
FNH:4
FNDA:2,(anonymous_0)
FNDA:0,(anonymous_1)
FNDA:0,(anonymous_2)
FNDA:0,(anonymous_3)
FNDA:0,(anonymous_4)
FNDA:4,(anonymous_5)
FNDA:3,(anonymous_6)
FNDA:0,(anonymous_7)
FNDA:0,(anonymous_8)
FNDA:1,(anonymous_9)
FNDA:0,(anonymous_10)
FNDA:0,(anonymous_11)
DA:1,1
DA:6,2
DA:7,2
DA:11,0
DA:12,0
DA:14,0
DA:18,0
DA:19,0
DA:21,0
DA:25,0
DA:26,0
DA:28,0
DA:32,0
DA:33,0
DA:35,0
DA:39,4
DA:40,4
DA:42,4
DA:46,3
DA:47,3
DA:49,3
DA:53,0
DA:54,0
DA:56,0
DA:60,0
DA:61,0
DA:63,0
DA:67,1
DA:68,1
DA:70,1
DA:71,4
DA:73,4
DA:74,0
DA:77,4
DA:80,1
DA:82,1
DA:86,0
DA:90,0
LF:38
LH:17
BRDA:67,0,0,1
BRDA:67,0,1,1
BRDA:73,1,0,0
BRDA:73,1,1,4
BRF:4
BRH:3
end_of_record
TN:
SF:C:\Users\Richard\Desktop\Projects\nodestory\src\core\network\PacketWriter.ts
FN:7,(anonymous_0)
FN:16,(anonymous_1)
FN:24,(anonymous_2)
FN:32,(anonymous_3)
FN:40,(anonymous_4)
FN:48,(anonymous_5)
FN:56,(anonymous_6)
FN:64,(anonymous_7)
FN:72,(anonymous_8)
FN:80,(anonymous_9)
FN:86,(anonymous_10)
FN:111,(anonymous_11)
FN:119,(anonymous_12)
FN:126,(anonymous_13)
FN:130,(anonymous_14)
FN:134,(anonymous_15)
FNF:16
FNH:7
FNDA:5,(anonymous_0)
FNDA:0,(anonymous_1)
FNDA:0,(anonymous_2)
FNDA:0,(anonymous_3)
FNDA:0,(anonymous_4)
FNDA:0,(anonymous_5)
FNDA:2,(anonymous_6)
FNDA:2,(anonymous_7)
FNDA:0,(anonymous_8)
FNDA:0,(anonymous_9)
FNDA:1,(anonymous_10)
FNDA:0,(anonymous_11)
FNDA:5,(anonymous_12)
FNDA:0,(anonymous_13)
FNDA:5,(anonymous_14)
FNDA:5,(anonymous_15)
DA:3,1
DA:8,5
DA:9,5
DA:11,5
DA:12,0
DA:17,0
DA:18,0
DA:19,0
DA:21,0
DA:25,0
DA:26,0
DA:27,0
DA:29,0
DA:33,0
DA:34,0
DA:35,0
DA:37,0
DA:41,0
DA:42,0
DA:43,0
DA:45,0
DA:49,0
DA:50,0
DA:51,0
DA:53,0
DA:57,2
DA:58,2
DA:59,2
DA:61,2
DA:65,2
DA:66,2
DA:67,2
DA:69,2
DA:73,0
DA:74,0
DA:75,0
DA:77,0
DA:81,0
DA:83,0
DA:87,1
DA:89,1
DA:90,1
DA:93,1
DA:94,0
DA:95,0
DA:96,0
DA:98,0
DA:100,1
DA:102,1
DA:103,1
DA:105,1
DA:108,1
DA:112,0
DA:113,0
DA:116,0
DA:120,5
DA:121,5
DA:123,5
DA:127,0
DA:131,5
DA:135,5
DA:136,0
DA:137,0
DA:139,0
DA:140,0
DA:143,0
DA:144,0
LF:67
LH:26
BRDA:11,0,0,0
BRDA:11,0,1,5
BRDA:11,1,0,5
BRDA:11,1,1,0
BRDA:89,2,0,1
BRDA:89,2,1,0
BRDA:89,3,0,1
BRDA:89,3,1,1
BRDA:93,4,0,0
BRDA:93,4,1,1
BRDA:93,5,0,1
BRDA:93,5,1,0
BRDA:135,6,0,0
BRDA:135,6,1,5
BRF:14
BRH:8
end_of_record
TN:
SF:C:\Users\Richard\Desktop\Projects\nodestory\src\core\security\AESEncryption.ts
FN:8,transform
FNF:1
FNH:1
FNDA:2,transform
DA:1,1
DA:3,1
DA:5,1
DA:6,1
DA:8,1
DA:9,2
DA:12,2
DA:13,2
DA:15,2
DA:34,2
DA:35,2
DA:38,2
DA:40,2
DA:41,56
DA:42,4
DA:45,56
DA:48,2
DA:49,2
DA:52,2
LF:19
LH:19
BRDA:41,0,0,4
BRDA:41,0,1,52
BRF:2
BRH:2
end_of_record
TN:
SF:C:\Users\Richard\Desktop\Projects\nodestory\src\core\security\ShandaEncryption.ts
FN:1,encrypt
FN:39,decrypt
FN:82,rollLeft
FN:88,rollRight
FNF:4
FNH:4
FNDA:1,encrypt
FNDA:1,decrypt
FNDA:336,rollLeft
FNDA:336,rollRight
DA:1,1
DA:2,1
DA:7,1
DA:8,3
DA:9,3
DA:10,84
DA:11,84
DA:12,84
DA:13,84
DA:14,84
DA:15,84
DA:16,84
DA:17,84
DA:18,84
DA:19,84
DA:20,84
DA:22,3
DA:23,3
DA:24,84
DA:25,84
DA:26,84
DA:27,84
DA:28,84
DA:29,84
DA:30,84
DA:31,84
DA:32,84
DA:36,1
DA:39,1
DA:40,1
DA:46,1
DA:47,3
DA:48,3
DA:49,3
DA:50,84
DA:51,84
DA:52,84
DA:53,84
DA:54,84
DA:55,84
DA:56,84
DA:57,84
DA:58,84
DA:59,84
DA:61,3
DA:62,3
DA:63,3
DA:64,84
DA:65,84
DA:66,84
DA:67,84
DA:68,84
DA:69,84
DA:70,84
DA:71,84
DA:72,84
DA:73,84
DA:74,84
DA:75,84
DA:79,1
DA:83,336
DA:84,336
DA:85,336
DA:89,336
DA:90,336
DA:91,336
LF:66
LH:66
BRF:0
BRH:0
end_of_record
TN:
SF:C:\Users\Richard\Desktop\Projects\nodestory\src\core\utils\Log.ts
FN:13,(anonymous_0)
FNF:1
FNH:0
FNDA:0,(anonymous_0)
DA:1,1
DA:3,1
DA:13,0
LF:3
LH:2
BRF:0
BRH:0
end_of_record
